#
# There is insufficient memory for the Java Runtime Environment to continue.
# Native memory allocation (mmap) failed to map 100663296 bytes. Error detail: G1 virtual space
# Possible reasons:
#   The system is out of physical RAM or swap space
#   This process is running with CompressedOops enabled, and the Java Heap may be blocking the growth of the native heap
# Possible solutions:
#   Reduce memory load on the system
#   Increase physical memory or swap space
#   Check if swap backing store is full
#   Decrease Java heap size (-Xmx/-Xms)
#   Decrease number of Java threads
#   Decrease Java thread stack sizes (-Xss)
#   Set larger code cache with -XX:ReservedCodeCacheSize=
#   JVM is running with Zero Based Compressed Oops mode in which the Java heap is
#     placed in the first 32GB address space. The Java Heap base address is the
#     maximum limit for the native heap growth. Please use -XX:HeapBaseMinAddress
#     to set the Java Heap base and to place the Java Heap above 32GB virtual address.
# This output file may be truncated or incomplete.
#
#  Out of Memory Error (os_windows.cpp:3603), pid=132700, tid=133484
#
# JRE version: OpenJDK Runtime Environment Temurin-21.0.3+9 (21.0.3+9) (build 21.0.3+9-LTS)
# Java VM: OpenJDK 64-Bit Server VM Temurin-21.0.3+9 (21.0.3+9-LTS, mixed mode, tiered, compressed oops, compressed class ptrs, g1 gc, windows-amd64)
# No core dump will be written. Minidumps are not enabled by default on client versions of Windows
#

---------------  S U M M A R Y ------------

Command Line: -ea -Dfile.encoding=UTF-8 -Dstdout.encoding=UTF-8 -Dstderr.encoding=UTF-8 -XX:+ShowCodeDetailsInExceptionMessages org.testng.remote.RemoteTestNG -serport 49292 -protocol json -d C:\Users\Omkar\eclipse-workspace\Sanity\test-output C:\Users\Omkar\eclipse-workspace\Sanity\testng.xml

Host: 11th Gen Intel(R) Core(TM) i5-1135G7 @ 2.40GHz, 8 cores, 15G,  Windows 11 , 64 bit Build 26100 (10.0.26100.4202)
Time: Thu Jul  3 13:52:16 2025 India Standard Time elapsed time: 94.386719 seconds (0d 0h 1m 34s)

---------------  T H R E A D  ---------------

Current thread (0x0000023784c72a30):  VMThread "VM Thread"          [id=133484, stack(0x0000006203200000,0x0000006203300000) (1024K)]

Stack: [0x0000006203200000,0x0000006203300000]
Native frames: (J=compiled Java code, j=interpreted, Vv=VM code, C=native code)
V  [jvm.dll+0x6c8699]
V  [jvm.dll+0x8a2061]
V  [jvm.dll+0x8a458e]
V  [jvm.dll+0x8a4c63]
V  [jvm.dll+0x27e476]
V  [jvm.dll+0x6c4e15]
V  [jvm.dll+0x6b9b0a]
V  [jvm.dll+0x3523ba]
V  [jvm.dll+0x359f66]
V  [jvm.dll+0x3ab1be]
V  [jvm.dll+0x3ab468]
V  [jvm.dll+0x3265fc]
V  [jvm.dll+0x326687]
V  [jvm.dll+0x36a3cc]
V  [jvm.dll+0x368c08]
V  [jvm.dll+0x325d71]
V  [jvm.dll+0x36827a]
V  [jvm.dll+0x8aa56f]
V  [jvm.dll+0x8ab674]
V  [jvm.dll+0x8abbb0]
V  [jvm.dll+0x8abe53]
V  [jvm.dll+0x84bf8b]
V  [jvm.dll+0x6c6dcd]
C  [ucrtbase.dll+0x37b0]
C  [KERNEL32.DLL+0x2e8d7]
C  [ntdll.dll+0x3c34c]

VM_Operation (0x0000006202bfcdf0): G1CollectForAllocation, mode: safepoint, requested by thread 0x00000237870850f0


---------------  P R O C E S S  ---------------

Threads class SMR info:
_java_thread_list=0x00000237a73575a0, length=49, elements={
0x00000237870850f0, 0x00000237a18ac910, 0x00000237a1877870, 0x00000237a188c290,
0x00000237a188e910, 0x00000237a188ef80, 0x00000237a18de770, 0x00000237a18838a0,
0x00000237a18b2f60, 0x00000237a19a3be0, 0x00000237a19a4f90, 0x00000237a19a2ec0,
0x00000237a19a4900, 0x00000237a19a5620, 0x00000237a19a5cb0, 0x00000237a19a6340,
0x00000237a72e2af0, 0x00000237a72e1dd0, 0x00000237a72e3ea0, 0x00000237a72e5250,
0x00000237a72e4bc0, 0x00000237a72e3180, 0x00000237a72e58e0, 0x00000237a72e2460,
0x00000237a72e7320, 0x00000237a72e4530, 0x00000237a72e8040, 0x00000237a72e86d0,
0x00000237a72e93f0, 0x00000237a7736860, 0x00000237a7736ef0, 0x00000237a77382a0,
0x00000237a7737580, 0x00000237a7737c10, 0x00000237a7738930, 0x00000237a7738fc0,
0x00000237a7739650, 0x00000237a77361d0, 0x00000237a773b720, 0x00000237a773bdb0,
0x00000237a773c440, 0x00000237a773b090, 0x00000237a773cad0, 0x00000237a7739ce0,
0x00000237a773d7f0, 0x00000237a773a370, 0x00000237a773aa00, 0x00000237a72e5f70,
0x00000237a1a1b870
}

Java Threads: ( => current thread )
  0x00000237870850f0 JavaThread "main"                              [_thread_blocked, id=133740, stack(0x0000006202b00000,0x0000006202c00000) (1024K)]
  0x00000237a18ac910 JavaThread "Reference Handler"          daemon [_thread_blocked, id=133512, stack(0x0000006203300000,0x0000006203400000) (1024K)]
  0x00000237a1877870 JavaThread "Finalizer"                  daemon [_thread_blocked, id=133516, stack(0x0000006203400000,0x0000006203500000) (1024K)]
  0x00000237a188c290 JavaThread "Signal Dispatcher"          daemon [_thread_blocked, id=133488, stack(0x0000006203500000,0x0000006203600000) (1024K)]
  0x00000237a188e910 JavaThread "Attach Listener"            daemon [_thread_blocked, id=129444, stack(0x0000006203600000,0x0000006203700000) (1024K)]
  0x00000237a188ef80 JavaThread "Service Thread"             daemon [_thread_blocked, id=126928, stack(0x0000006203700000,0x0000006203800000) (1024K)]
  0x00000237a18de770 JavaThread "Monitor Deflation Thread"   daemon [_thread_blocked, id=130368, stack(0x0000006203800000,0x0000006203900000) (1024K)]
  0x00000237a18838a0 JavaThread "C2 CompilerThread0"         daemon [_thread_blocked, id=133720, stack(0x0000006203900000,0x0000006203a00000) (1024K)]
  0x00000237a18b2f60 JavaThread "C1 CompilerThread0"         daemon [_thread_blocked, id=114692, stack(0x0000006203a00000,0x0000006203b00000) (1024K)]
  0x00000237a19a3be0 JavaThread "Notification Thread"        daemon [_thread_blocked, id=131960, stack(0x0000006203b00000,0x0000006203c00000) (1024K)]
  0x00000237a19a4f90 JavaThread "Common-Cleaner"             daemon [_thread_blocked, id=133644, stack(0x0000006203c00000,0x0000006203d00000) (1024K)]
  0x00000237a19a2ec0 JavaThread "ReaderThread"                      [_thread_in_native, id=69068, stack(0x0000006203f00000,0x0000006204000000) (1024K)]
  0x00000237a19a4900 JavaThread "ForkJoinPool.commonPool-worker-1" daemon [_thread_blocked, id=134092, stack(0x0000006204800000,0x0000006204900000) (1024K)]
  0x00000237a19a5620 JavaThread "ForkJoinPool.commonPool-worker-2" daemon [_thread_blocked, id=131284, stack(0x0000006204900000,0x0000006204a00000) (1024K)]
  0x00000237a19a5cb0 JavaThread "HttpClient-1-SelectorManager" daemon [_thread_in_native, id=133256, stack(0x0000006204b00000,0x0000006204c00000) (1024K)]
  0x00000237a19a6340 JavaThread "External Process Output Forwarder - C:\Users\Omkar\.cache\selenium\chromedriver\win64\137.0.7151.119\chromedriver.exe" daemon [_thread_in_native, id=133124, stack(0x0000006204c00000,0x0000006204d00000) (1024K)]
  0x00000237a72e2af0 JavaThread "Driver Service Executor"    daemon [_thread_blocked, id=130132, stack(0x0000006204d00000,0x0000006204e00000) (1024K)]
  0x00000237a72e1dd0 JavaThread "Driver Service Executor"    daemon [_thread_blocked, id=133396, stack(0x0000006204e00000,0x0000006204f00000) (1024K)]
  0x00000237a72e3ea0 JavaThread "UrlChecker-2"               daemon [_thread_blocked, id=131508, stack(0x0000006204f00000,0x0000006205000000) (1024K)]
  0x00000237a72e5250 JavaThread "JdkHttpClient-0-0"          daemon [_thread_blocked, id=128948, stack(0x0000006204700000,0x0000006204800000) (1024K)]
  0x00000237a72e4bc0 JavaThread "CompletableFutureDelayScheduler" daemon [_thread_blocked, id=125088, stack(0x0000006205000000,0x0000006205100000) (1024K)]
  0x00000237a72e3180 JavaThread "JdkHttpClient-0-1"          daemon [_thread_blocked, id=130460, stack(0x0000006205200000,0x0000006205300000) (1024K)]
  0x00000237a72e58e0 JavaThread "JdkHttpClient-0-3"          daemon [_thread_blocked, id=119532, stack(0x0000006205400000,0x0000006205500000) (1024K)]
  0x00000237a72e2460 JavaThread "HttpClient-2-SelectorManager" daemon [_thread_blocked, id=131224, stack(0x0000006205100000,0x0000006205200000) (1024K)]
  0x00000237a72e7320 JavaThread "HttpClient-3-SelectorManager" daemon [_thread_blocked, id=133504, stack(0x0000006205a00000,0x0000006205b00000) (1024K)]
  0x00000237a72e4530 JavaThread "External Process Output Forwarder - C:\Users\Omkar\.cache\selenium\chromedriver\win64\137.0.7151.119\chromedriver.exe" daemon [_thread_in_native, id=131436, stack(0x0000006205b00000,0x0000006205c00000) (1024K)]
  0x00000237a72e8040 JavaThread "Driver Service Executor"    daemon [_thread_blocked, id=127464, stack(0x0000006205c00000,0x0000006205d00000) (1024K)]
  0x00000237a72e86d0 JavaThread "Driver Service Executor"    daemon [_thread_blocked, id=129744, stack(0x0000006205d00000,0x0000006205e00000) (1024K)]
  0x00000237a72e93f0 JavaThread "JdkHttpClient-2-0"          daemon [_thread_blocked, id=133676, stack(0x0000006205f00000,0x0000006206000000) (1024K)]
  0x00000237a7736860 JavaThread "JdkHttpClient-2-1"          daemon [_thread_blocked, id=133040, stack(0x0000006206000000,0x0000006206100000) (1024K)]
  0x00000237a7736ef0 JavaThread "JdkHttpClient-2-2"          daemon [_thread_blocked, id=132540, stack(0x0000006206100000,0x0000006206200000) (1024K)]
  0x00000237a77382a0 JavaThread "JdkHttpClient-2-3"          daemon [_thread_blocked, id=133048, stack(0x0000006206200000,0x0000006206300000) (1024K)]
  0x00000237a7737580 JavaThread "HttpClient-4-SelectorManager" daemon [_thread_blocked, id=133140, stack(0x0000006202800000,0x0000006202900000) (1024K)]
  0x00000237a7737c10 JavaThread "JdkHttpClient-3-0"          daemon [_thread_blocked, id=133608, stack(0x0000006202a00000,0x0000006202b00000) (1024K)]
  0x00000237a7738930 JavaThread "JdkHttpClient-3-1"          daemon [_thread_blocked, id=133408, stack(0x0000006206300000,0x0000006206400000) (1024K)]
  0x00000237a7738fc0 JavaThread "JdkHttpClient-3-2"          daemon [_thread_blocked, id=131572, stack(0x0000006206400000,0x0000006206500000) (1024K)]
  0x00000237a7739650 JavaThread "HttpClient-5-SelectorManager" daemon [_thread_in_native, id=132868, stack(0x0000006205300000,0x0000006205400000) (1024K)]
  0x00000237a77361d0 JavaThread "External Process Output Forwarder - C:\Users\Omkar\.cache\selenium\chromedriver\win64\137.0.7151.119\chromedriver.exe" daemon [_thread_in_native, id=127456, stack(0x0000006205500000,0x0000006205600000) (1024K)]
  0x00000237a773b720 JavaThread "Driver Service Executor"    daemon [_thread_blocked, id=131272, stack(0x0000006205600000,0x0000006205700000) (1024K)]
  0x00000237a773bdb0 JavaThread "Driver Service Executor"    daemon [_thread_in_native, id=131352, stack(0x0000006205700000,0x0000006205800000) (1024K)]
  0x00000237a773c440 JavaThread "JdkHttpClient-4-0"          daemon [_thread_blocked, id=120200, stack(0x0000006205e00000,0x0000006205f00000) (1024K)]
  0x00000237a773b090 JavaThread "JdkHttpClient-4-1"          daemon [_thread_blocked, id=122232, stack(0x0000006206500000,0x0000006206600000) (1024K)]
  0x00000237a773cad0 JavaThread "JdkHttpClient-4-2"          daemon [_thread_blocked, id=128372, stack(0x0000006206600000,0x0000006206700000) (1024K)]
  0x00000237a7739ce0 JavaThread "JdkHttpClient-4-3"          daemon [_thread_blocked, id=132056, stack(0x0000006206700000,0x0000006206800000) (1024K)]
  0x00000237a773d7f0 JavaThread "HttpClient-6-SelectorManager" daemon [_thread_blocked, id=134164, stack(0x0000006206800000,0x0000006206900000) (1024K)]
  0x00000237a773a370 JavaThread "JdkHttpClient-5-0"          daemon [_thread_blocked, id=134168, stack(0x0000006206900000,0x0000006206a00000) (1024K)]
  0x00000237a773aa00 JavaThread "JdkHttpClient-5-1"          daemon [_thread_blocked, id=134172, stack(0x0000006206a00000,0x0000006206b00000) (1024K)]
  0x00000237a72e5f70 JavaThread "JdkHttpClient-5-2"          daemon [_thread_blocked, id=134176, stack(0x0000006206b00000,0x0000006206c00000) (1024K)]
  0x00000237a1a1b870 JavaThread "C2 CompilerThread1"         daemon [_thread_blocked, id=133228, stack(0x0000006202900000,0x0000006202a00000) (1024K)]
Total: 49

Other Threads:
=>0x0000023784c72a30 VMThread "VM Thread"                           [id=133484, stack(0x0000006203200000,0x0000006203300000) (1024K)]
  0x00000237a1139b50 WatcherThread "VM Periodic Task Thread"        [id=133508, stack(0x0000006203100000,0x0000006203200000) (1024K)]
  0x0000023784c73ff0 WorkerThread "GC Thread#0"                     [id=122732, stack(0x0000006202c00000,0x0000006202d00000) (1024K)]
  0x00000237a713fbf0 WorkerThread "GC Thread#1"                     [id=129008, stack(0x0000006204000000,0x0000006204100000) (1024K)]
  0x00000237a71423d0 WorkerThread "GC Thread#2"                     [id=133544, stack(0x0000006204100000,0x0000006204200000) (1024K)]
  0x00000237a713e9d0 WorkerThread "GC Thread#3"                     [id=133936, stack(0x0000006204200000,0x0000006204300000) (1024K)]
  0x00000237a7140e10 WorkerThread "GC Thread#4"                     [id=133940, stack(0x0000006204300000,0x0000006204400000) (1024K)]
  0x00000237a7141c90 WorkerThread "GC Thread#5"                     [id=132080, stack(0x0000006204400000,0x0000006204500000) (1024K)]
  0x00000237a7142030 WorkerThread "GC Thread#6"                     [id=133660, stack(0x0000006204500000,0x0000006204600000) (1024K)]
  0x00000237a713ed70 WorkerThread "GC Thread#7"                     [id=133796, stack(0x0000006204600000,0x0000006204700000) (1024K)]
  0x00000237870f8880 ConcurrentGCThread "G1 Main Marker"            [id=133272, stack(0x0000006202d00000,0x0000006202e00000) (1024K)]
  0x0000023784c74390 WorkerThread "G1 Conc#0"                       [id=129844, stack(0x0000006202e00000,0x0000006202f00000) (1024K)]
  0x00000237a713f4b0 WorkerThread "G1 Conc#1"                       [id=132240, stack(0x0000006204a00000,0x0000006204b00000) (1024K)]
  0x00000237a100d710 ConcurrentGCThread "G1 Refine#0"               [id=133548, stack(0x0000006202f00000,0x0000006203000000) (1024K)]
  0x00000237a100dc40 ConcurrentGCThread "G1 Service"                [id=133280, stack(0x0000006203000000,0x0000006203100000) (1024K)]
Total: 15

Threads with active compile tasks:
C2 CompilerThread0    94425 4162       4       jdk.internal.jimage.ImageLocation::verify (218 bytes)
C1 CompilerThread0    94425 4178   !   3       java.lang.reflect.Executable::sharedToGenericString (255 bytes)
C2 CompilerThread1    94425 3996   !   4       jdk.internal.loader.BuiltinClassLoader::loadClassOrNull (143 bytes)
Total: 3

VM state: at safepoint (normal execution)

VM Mutex/Monitor currently owned by a thread:  ([mutex/lock_event])
[0x00007ffe8d362128] Threads_lock - owner thread: 0x0000023784c72a30
[0x00007ffe8d362228] Heap_lock - owner thread: 0x00000237870850f0

Heap address: 0x0000000704200000, size: 4030 MB, Compressed Oops mode: Zero based, Oop shift amount: 3

CDS archive(s) not mapped
Compressed class space mapped at: 0x0000000800000000-0x0000000840000000, reserved size: 1073741824
Narrow klass base: 0x0000000800000000, Narrow klass shift: 0, Narrow klass range: 0x40000000

GC Precious Log:
 CardTable entry size: 512
 Card Set container configuration: InlinePtr #cards 4 size 8 Array Of Cards #cards 16 size 48 Howl #buckets 8 coarsen threshold 3686 Howl Bitmap #cards 512 size 80 coarsen threshold 460 Card regions per heap region 1 cards per card region 4096
 CPUs: 8 total, 8 available
 Memory: 16118M
 Large Page Support: Disabled
 NUMA Support: Disabled
 Compressed Oops: Enabled (Zero based)
 Heap Region Size: 2M
 Heap Min Capacity: 8M
 Heap Initial Capacity: 252M
 Heap Max Capacity: 4030M
 Pre-touch: Disabled
 Parallel Workers: 8
 Concurrent Workers: 2
 Concurrent Refinement Workers: 8
 Periodic GC: Disabled

Heap:
 garbage-first heap   total 61440K, used 19065K [0x0000000704200000, 0x0000000800000000)
  region size 2048K, 2 young (4096K), 2 survivors (4096K)
 Metaspace       used 35336K, committed 35712K, reserved 1114112K
  class space    used 3840K, committed 4032K, reserved 1048576K

Heap Regions: E=young(eden), S=young(survivor), O=old, HS=humongous(starts), HC=humongous(continues), CS=collection set, F=free, TAMS=top-at-mark-start, PB=parsable bottom
|   0|0x0000000704200000, 0x0000000704400000, 0x0000000704400000|100%| O|  |TAMS 0x0000000704200000| PB 0x0000000704200000| Untracked 
|   1|0x0000000704400000, 0x0000000704600000, 0x0000000704600000|100%| O|  |TAMS 0x0000000704400000| PB 0x0000000704400000| Untracked 
|   2|0x0000000704600000, 0x0000000704800000, 0x0000000704800000|100%| O|  |TAMS 0x0000000704600000| PB 0x0000000704600000| Untracked 
|   3|0x0000000704800000, 0x0000000704a00000, 0x0000000704a00000|100%| O|  |TAMS 0x0000000704800000| PB 0x0000000704800000| Untracked 
|   4|0x0000000704a00000, 0x0000000704c00000, 0x0000000704c00000|100%| O|  |TAMS 0x0000000704a00000| PB 0x0000000704a00000| Untracked 
|   5|0x0000000704c00000, 0x0000000704e00000, 0x0000000704e00000|100%| O|  |TAMS 0x0000000704c00000| PB 0x0000000704c00000| Untracked 
|   6|0x0000000704e00000, 0x0000000705000000, 0x0000000705000000|100%| O|  |TAMS 0x0000000704e00000| PB 0x0000000704e00000| Untracked 
|   7|0x0000000705000000, 0x0000000705200000, 0x0000000705200000|100%| O|Cm|TAMS 0x0000000705000000| PB 0x0000000705000000| Complete 
|   8|0x0000000705200000, 0x0000000705200000, 0x0000000705400000|  0%| F|  |TAMS 0x0000000705200000| PB 0x0000000705200000| Untracked 
|   9|0x0000000705400000, 0x0000000705400000, 0x0000000705600000|  0%| F|  |TAMS 0x0000000705400000| PB 0x0000000705400000| Untracked 
|  10|0x0000000705600000, 0x0000000705600000, 0x0000000705800000|  0%| F|  |TAMS 0x0000000705600000| PB 0x0000000705600000| Untracked 
|  11|0x0000000705800000, 0x0000000705800000, 0x0000000705a00000|  0%| F|  |TAMS 0x0000000705800000| PB 0x0000000705800000| Untracked 
|  12|0x0000000705a00000, 0x0000000705a00000, 0x0000000705c00000|  0%| F|  |TAMS 0x0000000705a00000| PB 0x0000000705a00000| Untracked 
|  13|0x0000000705c00000, 0x0000000705c00000, 0x0000000705e00000|  0%| F|  |TAMS 0x0000000705c00000| PB 0x0000000705c00000| Untracked 
|  14|0x0000000705e00000, 0x0000000705e00000, 0x0000000706000000|  0%| F|  |TAMS 0x0000000705e00000| PB 0x0000000705e00000| Untracked 
|  15|0x0000000706000000, 0x0000000706000000, 0x0000000706200000|  0%| F|  |TAMS 0x0000000706000000| PB 0x0000000706000000| Untracked 
|  16|0x0000000706200000, 0x0000000706200000, 0x0000000706400000|  0%| F|  |TAMS 0x0000000706200000| PB 0x0000000706200000| Untracked 
|  17|0x0000000706400000, 0x0000000706400000, 0x0000000706600000|  0%| F|  |TAMS 0x0000000706400000| PB 0x0000000706400000| Untracked 
|  18|0x0000000706600000, 0x0000000706600000, 0x0000000706800000|  0%| F|  |TAMS 0x0000000706600000| PB 0x0000000706600000| Untracked 
|  19|0x0000000706800000, 0x000000070689e620, 0x0000000706a00000| 30%| S|CS|TAMS 0x0000000706800000| PB 0x0000000706800000| Complete 
|  20|0x0000000706a00000, 0x0000000706c00000, 0x0000000706c00000|100%| S|CS|TAMS 0x0000000706a00000| PB 0x0000000706a00000| Complete 
|  21|0x0000000706c00000, 0x0000000706c00000, 0x0000000706e00000|  0%| F|  |TAMS 0x0000000706c00000| PB 0x0000000706c00000| Untracked 
|  22|0x0000000706e00000, 0x0000000706e00000, 0x0000000707000000|  0%| F|  |TAMS 0x0000000706e00000| PB 0x0000000706e00000| Untracked 
|  23|0x0000000707000000, 0x0000000707000000, 0x0000000707200000|  0%| F|  |TAMS 0x0000000707000000| PB 0x0000000707000000| Untracked 
|  24|0x0000000707200000, 0x0000000707200000, 0x0000000707400000|  0%| F|  |TAMS 0x0000000707200000| PB 0x0000000707200000| Untracked 
|  25|0x0000000707400000, 0x0000000707400000, 0x0000000707600000|  0%| F|  |TAMS 0x0000000707400000| PB 0x0000000707400000| Untracked 
|  26|0x0000000707600000, 0x0000000707600000, 0x0000000707800000|  0%| F|  |TAMS 0x0000000707600000| PB 0x0000000707600000| Untracked 
| 115|0x0000000712800000, 0x0000000712800000, 0x0000000712a00000|  0%| F|  |TAMS 0x0000000712800000| PB 0x0000000712800000| Untracked 
| 116|0x0000000712a00000, 0x0000000712a00000, 0x0000000712c00000|  0%| F|  |TAMS 0x0000000712a00000| PB 0x0000000712a00000| Untracked 
| 125|0x0000000713c00000, 0x0000000713c00000, 0x0000000713e00000|  0%| F|  |TAMS 0x0000000713c00000| PB 0x0000000713c00000| Untracked 

Card table byte_map: [0x000002379a660000,0x000002379ae40000] _byte_map_base: 0x0000023796e3f000

Marking Bits: (CMBitMap*) 0x00000237870e74b0
 Bits: [0x000002379ae40000, 0x000002379ed38000)

Polling page: 0x0000023784f20000

Metaspace:

Usage:
  Non-class:     30.76 MB used.
      Class:      3.75 MB used.
       Both:     34.51 MB used.

Virtual space:
  Non-class space:       64.00 MB reserved,      30.94 MB ( 48%) committed,  1 nodes.
      Class space:        1.00 GB reserved,       3.94 MB ( <1%) committed,  1 nodes.
             Both:        1.06 GB reserved,      34.88 MB (  3%) committed. 

Chunk freelists:
   Non-Class:  394.00 KB
       Class:  12.03 MB
        Both:  12.42 MB

MaxMetaspaceSize: unlimited
CompressedClassSpaceSize: 1.00 GB
Initial GC threshold: 21.00 MB
Current GC threshold: 53.88 MB
CDS: off
 - commit_granule_bytes: 65536.
 - commit_granule_words: 8192.
 - virtual_space_node_default_size: 8388608.
 - enlarge_chunks_in_place: 1.
 - use_allocation_guard: 0.


Internal statistics:

num_allocs_failed_limit: 3.
num_arena_births: 450.
num_arena_deaths: 0.
num_vsnodes_births: 2.
num_vsnodes_deaths: 0.
num_space_committed: 557.
num_space_uncommitted: 0.
num_chunks_returned_to_freelist: 3.
num_chunks_taken_from_freelist: 1181.
num_chunk_merges: 0.
num_chunk_splits: 733.
num_chunks_enlarged: 477.
num_inconsistent_stats: 0.

CodeHeap 'non-profiled nmethods': size=120000Kb used=1605Kb max_used=1605Kb free=118394Kb
 bounds [0x0000023792620000, 0x0000023792890000, 0x0000023799b50000]
CodeHeap 'profiled nmethods': size=120000Kb used=8064Kb max_used=8064Kb free=111935Kb
 bounds [0x000002378ab50000, 0x000002378b340000, 0x0000023792080000]
CodeHeap 'non-nmethods': size=5760Kb used=1747Kb max_used=1767Kb free=4012Kb
 bounds [0x0000023792080000, 0x00000237922f0000, 0x0000023792620000]
 total_blobs=4591 nmethods=3968 adapters=526
 compilation: enabled
              stopped_count=0, restarted_count=0
 full_count=0

Compilation events (20 events):
Event: 92.358 Thread 0x00000237a18b2f60 nmethod 4166 0x000002378b32ab10 code [0x000002378b32ad00, 0x000002378b32b0a8]
Event: 92.359 Thread 0x00000237a18b2f60 4169       3       freemarker.core.FMParserTokenManager::jjStartNfa_2 (18 bytes)
Event: 92.359 Thread 0x00000237a18b2f60 nmethod 4169 0x000002378b32b210 code [0x000002378b32b3c0, 0x000002378b32b558]
Event: 92.359 Thread 0x00000237a18b2f60 4170       3       freemarker.core.FMParserTokenManager::jjStopStringLiteralDfa_2 (290 bytes)
Event: 92.359 Thread 0x00000237a18b2f60 nmethod 4170 0x000002378b32b690 code [0x000002378b32b8c0, 0x000002378b32c228]
Event: 92.359 Thread 0x00000237a18b2f60 4167       3       freemarker.core.FMParser::jj_3_3 (46 bytes)
Event: 92.359 Thread 0x00000237a18b2f60 nmethod 4167 0x000002378b32c310 code [0x000002378b32c4e0, 0x000002378b32c848]
Event: 92.359 Thread 0x00000237a18b2f60 4172       3       freemarker.core.TextBlock::lastNewLineIndex (40 bytes)
Event: 92.359 Thread 0x00000237a18b2f60 nmethod 4172 0x000002378b32c910 code [0x000002378b32cac0, 0x000002378b32cd40]
Event: 92.359 Thread 0x00000237a18b2f60 4171       3       freemarker.core.TextBlock::isIgnorable (100 bytes)
Event: 92.360 Thread 0x00000237a18b2f60 nmethod 4171 0x000002378b32ce90 code [0x000002378b32d0e0, 0x000002378b32dbb8]
Event: 92.360 Thread 0x00000237a18b2f60 4173       3       freemarker.template.utility.StringUtil::isTrimmableToEmpty (8 bytes)
Event: 92.360 Thread 0x00000237a18b2f60 nmethod 4173 0x000002378b32de90 code [0x000002378b32e040, 0x000002378b32e288]
Event: 92.361 Thread 0x00000237a18b2f60 4174       3       java.util.stream.MatchOps$1MatchSink::accept (44 bytes)
Event: 92.361 Thread 0x00000237a18b2f60 nmethod 4174 0x000002378b32e390 code [0x000002378b32e540, 0x000002378b32e7b8]
Event: 92.361 Thread 0x00000237a18b2f60 4175       3       freemarker.core.Configurable::getObjectWrapper (22 bytes)
Event: 92.362 Thread 0x00000237a18b2f60 nmethod 4175 0x000002378b32e890 code [0x000002378b32ea40, 0x000002378b32eda8]
Event: 92.363 Thread 0x00000237a18b2f60 4176       3       java.lang.reflect.Method::getTypeParameters (19 bytes)
Event: 92.364 Thread 0x00000237a18b2f60 nmethod 4176 0x000002378b32ee90 code [0x000002378b32f120, 0x000002378b32fe98]
Event: 92.364 Thread 0x00000237a18b2f60 4178   !   3       java.lang.reflect.Executable::sharedToGenericString (255 bytes)

GC Heap History (15 events):
Event: 0.682 GC heap before
{Heap before GC invocations=0 (full 0):
 garbage-first heap   total 258048K, used 20480K [0x0000000704200000, 0x0000000800000000)
  region size 2048K, 11 young (22528K), 0 survivors (0K)
 Metaspace       used 15742K, committed 15936K, reserved 1114112K
  class space    used 1458K, committed 1536K, reserved 1048576K
}
Event: 0.686 GC heap after
{Heap after GC invocations=1 (full 0):
 garbage-first heap   total 258048K, used 6463K [0x0000000704200000, 0x0000000800000000)
  region size 2048K, 2 young (4096K), 2 survivors (4096K)
 Metaspace       used 15742K, committed 15936K, reserved 1114112K
  class space    used 1458K, committed 1536K, reserved 1048576K
}
Event: 0.952 GC heap before
{Heap before GC invocations=1 (full 0):
 garbage-first heap   total 258048K, used 20799K [0x0000000704200000, 0x0000000800000000)
  region size 2048K, 11 young (22528K), 2 survivors (4096K)
 Metaspace       used 21272K, committed 21504K, reserved 1114112K
  class space    used 2083K, committed 2240K, reserved 1048576K
}
Event: 0.955 GC heap after
{Heap after GC invocations=2 (full 0):
 garbage-first heap   total 258048K, used 9627K [0x0000000704200000, 0x0000000800000000)
  region size 2048K, 2 young (4096K), 2 survivors (4096K)
 Metaspace       used 21272K, committed 21504K, reserved 1114112K
  class space    used 2083K, committed 2240K, reserved 1048576K
}
Event: 1.216 GC heap before
{Heap before GC invocations=3 (full 0):
 garbage-first heap   total 49152K, used 34203K [0x0000000704200000, 0x0000000800000000)
  region size 2048K, 14 young (28672K), 2 survivors (4096K)
 Metaspace       used 24580K, committed 24832K, reserved 1114112K
  class space    used 2411K, committed 2560K, reserved 1048576K
}
Event: 1.221 GC heap after
{Heap after GC invocations=4 (full 0):
 garbage-first heap   total 49152K, used 13807K [0x0000000704200000, 0x0000000800000000)
  region size 2048K, 2 young (4096K), 2 survivors (4096K)
 Metaspace       used 24580K, committed 24832K, reserved 1114112K
  class space    used 2411K, committed 2560K, reserved 1048576K
}
Event: 1.598 GC heap before
{Heap before GC invocations=4 (full 0):
 garbage-first heap   total 49152K, used 30191K [0x0000000704200000, 0x0000000800000000)
  region size 2048K, 10 young (20480K), 2 survivors (4096K)
 Metaspace       used 29150K, committed 29504K, reserved 1114112K
  class space    used 3031K, committed 3200K, reserved 1048576K
}
Event: 1.603 GC heap after
{Heap after GC invocations=5 (full 0):
 garbage-first heap   total 49152K, used 16535K [0x0000000704200000, 0x0000000800000000)
  region size 2048K, 2 young (4096K), 2 survivors (4096K)
 Metaspace       used 29150K, committed 29504K, reserved 1114112K
  class space    used 3031K, committed 3200K, reserved 1048576K
}
Event: 41.328 GC heap before
{Heap before GC invocations=5 (full 0):
 garbage-first heap   total 49152K, used 30871K [0x0000000704200000, 0x0000000800000000)
  region size 2048K, 10 young (20480K), 2 survivors (4096K)
 Metaspace       used 32113K, committed 32512K, reserved 1114112K
  class space    used 3426K, committed 3584K, reserved 1048576K
}
Event: 41.332 GC heap after
{Heap after GC invocations=6 (full 0):
 garbage-first heap   total 49152K, used 17595K [0x0000000704200000, 0x0000000800000000)
  region size 2048K, 1 young (2048K), 1 survivors (2048K)
 Metaspace       used 32113K, committed 32512K, reserved 1114112K
  class space    used 3426K, committed 3584K, reserved 1048576K
}
Event: 75.196 GC heap before
{Heap before GC invocations=6 (full 0):
 garbage-first heap   total 49152K, used 33979K [0x0000000704200000, 0x0000000800000000)
  region size 2048K, 9 young (18432K), 1 survivors (2048K)
 Metaspace       used 32696K, committed 33088K, reserved 1114112K
  class space    used 3472K, committed 3648K, reserved 1048576K
}
Event: 75.198 GC heap after
{Heap after GC invocations=7 (full 0):
 garbage-first heap   total 49152K, used 21845K [0x0000000704200000, 0x0000000800000000)
  region size 2048K, 1 young (2048K), 1 survivors (2048K)
 Metaspace       used 32696K, committed 33088K, reserved 1114112K
  class space    used 3472K, committed 3648K, reserved 1048576K
}
Event: 75.199 GC heap before
{Heap before GC invocations=7 (full 0):
 garbage-first heap   total 49152K, used 25941K [0x0000000704200000, 0x0000000800000000)
  region size 2048K, 2 young (4096K), 1 survivors (2048K)
 Metaspace       used 32696K, committed 33088K, reserved 1114112K
  class space    used 3472K, committed 3648K, reserved 1048576K
}
Event: 75.201 GC heap after
{Heap after GC invocations=8 (full 0):
 garbage-first heap   total 49152K, used 23874K [0x0000000704200000, 0x0000000800000000)
  region size 2048K, 1 young (2048K), 1 survivors (2048K)
 Metaspace       used 32696K, committed 33088K, reserved 1114112K
  class space    used 3472K, committed 3648K, reserved 1048576K
}
Event: 92.365 GC heap before
{Heap before GC invocations=9 (full 0):
 garbage-first heap   total 61440K, used 56642K [0x0000000704200000, 0x0000000800000000)
  region size 2048K, 9 young (18432K), 1 survivors (2048K)
 Metaspace       used 35336K, committed 35712K, reserved 1114112K
  class space    used 3840K, committed 4032K, reserved 1048576K
}

Dll operation events (9 events):
Event: 0.007 Loaded shared library C:\Users\Omkar\Downloads\eclipse-java-2024-06-R-win32-x86_64\eclipse\plugins\org.eclipse.justj.openjdk.hotspot.jre.full.win32.x86_64_21.0.3.v20240426-1530\jre\bin\java.dll
Event: 0.013 Loaded shared library C:\Users\Omkar\Downloads\eclipse-java-2024-06-R-win32-x86_64\eclipse\plugins\org.eclipse.justj.openjdk.hotspot.jre.full.win32.x86_64_21.0.3.v20240426-1530\jre\bin\zip.dll
Event: 0.123 Loaded shared library C:\Users\Omkar\Downloads\eclipse-java-2024-06-R-win32-x86_64\eclipse\plugins\org.eclipse.justj.openjdk.hotspot.jre.full.win32.x86_64_21.0.3.v20240426-1530\jre\bin\net.dll
Event: 0.125 Loaded shared library C:\Users\Omkar\Downloads\eclipse-java-2024-06-R-win32-x86_64\eclipse\plugins\org.eclipse.justj.openjdk.hotspot.jre.full.win32.x86_64_21.0.3.v20240426-1530\jre\bin\nio.dll
Event: 0.133 Loaded shared library C:\Users\Omkar\Downloads\eclipse-java-2024-06-R-win32-x86_64\eclipse\plugins\org.eclipse.justj.openjdk.hotspot.jre.full.win32.x86_64_21.0.3.v20240426-1530\jre\bin\zip.dll
Event: 0.242 Loaded shared library C:\Users\Omkar\Downloads\eclipse-java-2024-06-R-win32-x86_64\eclipse\plugins\org.eclipse.justj.openjdk.hotspot.jre.full.win32.x86_64_21.0.3.v20240426-1530\jre\bin\jimage.dll
Event: 0.382 Loaded shared library C:\Users\Omkar\Downloads\eclipse-java-2024-06-R-win32-x86_64\eclipse\plugins\org.eclipse.justj.openjdk.hotspot.jre.full.win32.x86_64_21.0.3.v20240426-1530\jre\bin\extnet.dll
Event: 0.890 Loaded shared library C:\Users\Omkar\Downloads\eclipse-java-2024-06-R-win32-x86_64\eclipse\plugins\org.eclipse.justj.openjdk.hotspot.jre.full.win32.x86_64_21.0.3.v20240426-1530\jre\bin\verify.dll
Event: 1.374 Loaded shared library C:\Users\Omkar\Downloads\eclipse-java-2024-06-R-win32-x86_64\eclipse\plugins\org.eclipse.justj.openjdk.hotspot.jre.full.win32.x86_64_21.0.3.v20240426-1530\jre\bin\sunmscapi.dll

Deoptimization events (20 events):
Event: 92.268 Thread 0x00000237870850f0 Uncommon trap: trap_request=0xffffff45 fr.pc=0x0000023792687db0 relative=0x0000000000000570
Event: 92.268 Thread 0x00000237870850f0 Uncommon trap: reason=unstable_if action=reinterpret pc=0x0000023792687db0 method=java.lang.String.<init>(Ljava/lang/AbstractStringBuilder;Ljava/lang/Void;)V @ 19 c2
Event: 92.268 Thread 0x00000237870850f0 DEOPT PACKING pc=0x0000023792687db0 sp=0x0000006202bfe140
Event: 92.268 Thread 0x00000237870850f0 DEOPT UNPACKING pc=0x00000237920d7da2 sp=0x0000006202bfe038 mode 2
Event: 92.271 Thread 0x00000237870850f0 Uncommon trap: trap_request=0xffffff45 fr.pc=0x00000237926f0d18 relative=0x00000000000001f8
Event: 92.271 Thread 0x00000237870850f0 Uncommon trap: reason=unstable_if action=reinterpret pc=0x00000237926f0d18 method=java.io.ByteArrayInputStream.read()I @ 8 c2
Event: 92.271 Thread 0x00000237870850f0 DEOPT PACKING pc=0x00000237926f0d18 sp=0x0000006202bfcfb0
Event: 92.271 Thread 0x00000237870850f0 DEOPT UNPACKING pc=0x00000237920d7da2 sp=0x0000006202bfcf58 mode 2
Event: 92.275 Thread 0x00000237870850f0 Uncommon trap: trap_request=0xffffff45 fr.pc=0x00000237926680e4 relative=0x0000000000000684
Event: 92.275 Thread 0x00000237870850f0 Uncommon trap: reason=unstable_if action=reinterpret pc=0x00000237926680e4 method=java.lang.String.substring(II)Ljava/lang/String; @ 31 c2
Event: 92.275 Thread 0x00000237870850f0 DEOPT PACKING pc=0x00000237926680e4 sp=0x0000006202bfdd50
Event: 92.275 Thread 0x00000237870850f0 DEOPT UNPACKING pc=0x00000237920d7da2 sp=0x0000006202bfdd20 mode 2
Event: 92.276 Thread 0x00000237870850f0 Uncommon trap: trap_request=0xffffff45 fr.pc=0x000002379267f0a4 relative=0x0000000000000544
Event: 92.276 Thread 0x00000237870850f0 Uncommon trap: reason=unstable_if action=reinterpret pc=0x000002379267f0a4 method=java.lang.AbstractStringBuilder.isLatin1()Z @ 10 c2
Event: 92.276 Thread 0x00000237870850f0 DEOPT PACKING pc=0x000002379267f0a4 sp=0x0000006202bfdc40
Event: 92.276 Thread 0x00000237870850f0 DEOPT UNPACKING pc=0x00000237920d7da2 sp=0x0000006202bfdb90 mode 2
Event: 92.339 Thread 0x00000237870850f0 Uncommon trap: trap_request=0xffffff45 fr.pc=0x00000237926b7e30 relative=0x0000000000000630
Event: 92.339 Thread 0x00000237870850f0 Uncommon trap: reason=unstable_if action=reinterpret pc=0x00000237926b7e30 method=java.lang.AbstractStringBuilder.appendChars(Ljava/lang/String;II)V @ 4 c2
Event: 92.339 Thread 0x00000237870850f0 DEOPT PACKING pc=0x00000237926b7e30 sp=0x0000006202bfd5e0
Event: 92.339 Thread 0x00000237870850f0 DEOPT UNPACKING pc=0x00000237920d7da2 sp=0x0000006202bfd520 mode 2

Classes loaded (20 events):
Event: 92.285 Loading class jdk/internal/icu/text/NormalizerBase$NFKCMode
Event: 92.285 Loading class jdk/internal/icu/text/NormalizerBase$NFKCMode done
Event: 92.285 Loading class jdk/internal/icu/text/UCharacterIterator
Event: 92.285 Loading class jdk/internal/icu/text/UCharacterIterator done
Event: 92.285 Loading class jdk/internal/icu/impl/ReplaceableUCharacterIterator
Event: 92.285 Loading class jdk/internal/icu/impl/ReplaceableUCharacterIterator done
Event: 92.285 Loading class jdk/internal/icu/text/ReplaceableString
Event: 92.285 Loading class jdk/internal/icu/text/Replaceable
Event: 92.285 Loading class jdk/internal/icu/text/Replaceable done
Event: 92.285 Loading class jdk/internal/icu/text/ReplaceableString done
Event: 92.287 Loading class java/util/concurrent/ConcurrentHashMap$ValueSpliterator
Event: 92.287 Loading class java/util/concurrent/ConcurrentHashMap$ValueSpliterator done
Event: 92.289 Loading class java/util/stream/ReduceOps$10
Event: 92.289 Loading class java/util/stream/ReduceOps$10 done
Event: 92.289 Loading class java/util/stream/ReduceOps$8ReducingSink
Event: 92.289 Loading class java/util/stream/ReduceOps$8ReducingSink done
Event: 92.295 Loading class java/math/BigDecimal$StringBuilderHelper
Event: 92.295 Loading class java/math/BigDecimal$StringBuilderHelper done
Event: 92.338 Loading class sun/util/locale/provider/DateFormatProviderImpl
Event: 92.338 Loading class sun/util/locale/provider/DateFormatProviderImpl done

Classes unloaded (0 events):
No events

Classes redefined (0 events):
No events

Internal exceptions (20 events):
Event: 92.252 Thread 0x00000237870850f0 Exception <a 'java/lang/ClassNotFoundException'{0x0000000706e47c50}: com/aventstack/extentreports/reporter/configuration/FileReporterConfigBeanInfo> (0x0000000706e47c50) 
thrown [s\src\hotspot\share\classfile\systemDictionary.cpp, line 312]
Event: 92.252 Thread 0x00000237870850f0 Exception <a 'java/lang/ClassNotFoundException'{0x0000000706e4b820}: com/aventstack/extentreports/reporter/configuration/AbstractConfigurationBeanInfo> (0x0000000706e4b820) 
thrown [s\src\hotspot\share\classfile\systemDictionary.cpp, line 312]
Event: 92.253 Thread 0x00000237870850f0 Exception <a 'java/lang/ClassNotFoundException'{0x0000000706e4f410}: com/aventstack/extentreports/reporter/configuration/AbstractConfigurationCustomizer> (0x0000000706e4f410) 
thrown [s\src\hotspot\share\classfile\systemDictionary.cpp, line 312]
Event: 92.254 Thread 0x00000237870850f0 Exception <a 'java/lang/ClassNotFoundException'{0x0000000706e597a0}: com/aventstack/extentreports/reporter/configuration/FileReporterConfigCustomizer> (0x0000000706e597a0) 
thrown [s\src\hotspot\share\classfile\systemDictionary.cpp, line 312]
Event: 92.255 Thread 0x00000237870850f0 Exception <a 'java/lang/ClassNotFoundException'{0x0000000706e61d38}: com/aventstack/extentreports/reporter/configuration/InteractiveReporterConfigCustomizer> (0x0000000706e61d38) 
thrown [s\src\hotspot\share\classfile\systemDictionary.cpp, line 312]
Event: 92.256 Thread 0x00000237870850f0 Exception <a 'java/lang/ClassNotFoundException'{0x0000000706e70980}: com/aventstack/extentreports/reporter/configuration/ExtentSparkReporterConfigCustomizer> (0x0000000706e70980) 
thrown [s\src\hotspot\share\classfile\systemDictionary.cpp, line 312]
Event: 92.258 Thread 0x00000237870850f0 Exception <a 'java/lang/ClassNotFoundException'{0x0000000706e840e0}: com/aventstack/extentreports/reporter/configuration/ThemeBeanInfo> (0x0000000706e840e0) 
thrown [s\src\hotspot\share\classfile\systemDictionary.cpp, line 312]
Event: 92.258 Thread 0x00000237870850f0 Exception <a 'java/lang/ClassNotFoundException'{0x0000000706e87980}: com/aventstack/extentreports/reporter/configuration/ThemeCustomizer> (0x0000000706e87980) 
thrown [s\src\hotspot\share\classfile\systemDictionary.cpp, line 312]
Event: 92.260 Thread 0x00000237870850f0 Exception <a 'java/lang/ClassNotFoundException'{0x0000000706e96690}: com/aventstack/extentreports/model/ReportBeanInfo> (0x0000000706e96690) 
thrown [s\src\hotspot\share\classfile\systemDictionary.cpp, line 312]
Event: 92.260 Thread 0x00000237870850f0 Exception <a 'java/lang/ClassNotFoundException'{0x0000000706e99bb0}: com/aventstack/extentreports/model/ReportCustomizer> (0x0000000706e99bb0) 
thrown [s\src\hotspot\share\classfile\systemDictionary.cpp, line 312]
Event: 92.263 Thread 0x00000237870850f0 Exception <a 'java/lang/ClassNotFoundException'{0x0000000706ebc048}: com/aventstack/extentreports/model/ReportStatsBeanInfo> (0x0000000706ebc048) 
thrown [s\src\hotspot\share\classfile\systemDictionary.cpp, line 312]
Event: 92.263 Thread 0x00000237870850f0 Exception <a 'java/lang/ClassNotFoundException'{0x0000000706ebf690}: com/aventstack/extentreports/model/ReportStatsCustomizer> (0x0000000706ebf690) 
thrown [s\src\hotspot\share\classfile\systemDictionary.cpp, line 312]
Event: 92.265 Thread 0x00000237870850f0 Exception <a 'java/lang/ClassNotFoundException'{0x0000000706ed87a8}: com/aventstack/extentreports/AnalysisStrategyBeanInfo> (0x0000000706ed87a8) 
thrown [s\src\hotspot\share\classfile\systemDictionary.cpp, line 312]
Event: 92.266 Thread 0x00000237870850f0 Exception <a 'java/lang/ClassNotFoundException'{0x0000000706edbdc0}: com/aventstack/extentreports/AnalysisStrategyCustomizer> (0x0000000706edbdc0) 
thrown [s\src\hotspot\share\classfile\systemDictionary.cpp, line 312]
Event: 92.346 Thread 0x00000237870850f0 Exception <a 'java/lang/ClassNotFoundException'{0x0000000706d4f180}: com/aventstack/extentreports/reporter/configuration/ViewNameBeanInfo> (0x0000000706d4f180) 
thrown [s\src\hotspot\share\classfile\systemDictionary.cpp, line 312]
Event: 92.346 Thread 0x00000237870850f0 Exception <a 'java/lang/ClassNotFoundException'{0x0000000706d52a50}: com/aventstack/extentreports/reporter/configuration/ViewNameCustomizer> (0x0000000706d52a50) 
thrown [s\src\hotspot\share\classfile\systemDictionary.cpp, line 312]
Event: 92.349 Thread 0x00000237870850f0 Exception <a 'java/lang/ClassNotFoundException'{0x0000000706d62188}: com/aventstack/extentreports/model/context/NamedAttributeContextManagerBeanInfo> (0x0000000706d62188) 
thrown [s\src\hotspot\share\classfile\systemDictionary.cpp, line 312]
Event: 92.349 Thread 0x00000237870850f0 Exception <a 'java/lang/ClassNotFoundException'{0x0000000706d65d10}: com/aventstack/extentreports/model/context/NamedAttributeContextManagerCustomizer> (0x0000000706d65d10) 
thrown [s\src\hotspot\share\classfile\systemDictionary.cpp, line 312]
Event: 92.362 Thread 0x00000237870850f0 Exception <a 'java/lang/ClassNotFoundException'{0x0000000706dd5e10}: com/aventstack/extentreports/model/TestBeanInfo> (0x0000000706dd5e10) 
thrown [s\src\hotspot\share\classfile\systemDictionary.cpp, line 312]
Event: 92.363 Thread 0x00000237870850f0 Exception <a 'java/lang/ClassNotFoundException'{0x0000000706dd92e0}: com/aventstack/extentreports/model/TestCustomizer> (0x0000000706dd92e0) 
thrown [s\src\hotspot\share\classfile\systemDictionary.cpp, line 312]

ZGC Phase Switch (0 events):
No events

VM Operations (20 events):
Event: 75.201 Executing VM operation: G1TryInitiateConcMark (G1 Humongous Allocation) done
Event: 75.213 Executing VM operation: G1PauseRemark
Event: 75.215 Executing VM operation: G1PauseRemark done
Event: 75.222 Executing VM operation: G1PauseCleanup
Event: 75.222 Executing VM operation: G1PauseCleanup done
Event: 76.236 Executing VM operation: Cleanup
Event: 76.236 Executing VM operation: Cleanup done
Event: 81.293 Executing VM operation: Cleanup
Event: 81.293 Executing VM operation: Cleanup done
Event: 89.380 Executing VM operation: Cleanup
Event: 89.380 Executing VM operation: Cleanup done
Event: 91.405 Executing VM operation: Cleanup
Event: 91.405 Executing VM operation: Cleanup done
Event: 92.273 Executing VM operation: HandshakeAllThreads (Deoptimize)
Event: 92.273 Executing VM operation: HandshakeAllThreads (Deoptimize) done
Event: 92.274 Executing VM operation: HandshakeAllThreads (Deoptimize)
Event: 92.274 Executing VM operation: HandshakeAllThreads (Deoptimize) done
Event: 92.288 Executing VM operation: HandshakeAllThreads (Deoptimize)
Event: 92.289 Executing VM operation: HandshakeAllThreads (Deoptimize) done
Event: 92.365 Executing VM operation: G1CollectForAllocation (G1 Evacuation Pause)

Events (20 events):
Event: 75.215 Thread 0x0000023784c72a30 flushing nmethod 0x000002379263f490
Event: 75.215 Thread 0x0000023784c72a30 flushing nmethod 0x0000023792637e10
Event: 75.215 Thread 0x0000023784c72a30 flushing nmethod 0x0000023792624f90
Event: 75.215 Thread 0x0000023784c72a30 flushing nmethod 0x0000023792621490
Event: 75.215 Thread 0x0000023784c72a30 flushing nmethod 0x0000023792620010
Event: 75.265 Thread 0x00000237a7739650 Thread added: 0x00000237a7739650
Event: 75.319 Thread 0x00000237a77361d0 Thread added: 0x00000237a77361d0
Event: 75.319 Thread 0x00000237a773b720 Thread added: 0x00000237a773b720
Event: 75.319 Thread 0x00000237a773bdb0 Thread added: 0x00000237a773bdb0
Event: 75.398 Thread 0x00000237a773d160 Thread added: 0x00000237a773d160
Event: 75.401 Thread 0x00000237a773c440 Thread added: 0x00000237a773c440
Event: 75.403 Thread 0x00000237a773b090 Thread added: 0x00000237a773b090
Event: 75.403 Thread 0x00000237a773cad0 Thread added: 0x00000237a773cad0
Event: 75.403 Thread 0x00000237a7739ce0 Thread added: 0x00000237a7739ce0
Event: 76.135 Thread 0x00000237a773d7f0 Thread added: 0x00000237a773d7f0
Event: 76.135 Thread 0x00000237a773a370 Thread added: 0x00000237a773a370
Event: 76.137 Thread 0x00000237a773aa00 Thread added: 0x00000237a773aa00
Event: 76.137 Thread 0x00000237a72e5f70 Thread added: 0x00000237a72e5f70
Event: 85.413 Thread 0x00000237a773d160 Thread exited: 0x00000237a773d160
Event: 92.079 Thread 0x00000237a1a1b870 Thread added: 0x00000237a1a1b870


Dynamic libraries:
0x00007ff6ac120000 - 0x00007ff6ac12e000 	C:\Users\Omkar\Downloads\eclipse-java-2024-06-R-win32-x86_64\eclipse\plugins\org.eclipse.justj.openjdk.hotspot.jre.full.win32.x86_64_21.0.3.v20240426-1530\jre\bin\javaw.exe
0x00007fff27c40000 - 0x00007fff27ea5000 	C:\WINDOWS\SYSTEM32\ntdll.dll
0x00007fff26510000 - 0x00007fff265d9000 	C:\WINDOWS\System32\KERNEL32.DLL
0x00007fff24d90000 - 0x00007fff25178000 	C:\WINDOWS\System32\KERNELBASE.dll
0x00007fff257f0000 - 0x00007fff2593b000 	C:\WINDOWS\System32\ucrtbase.dll
0x00007fff16110000 - 0x00007fff1612b000 	C:\Users\Omkar\Downloads\eclipse-java-2024-06-R-win32-x86_64\eclipse\plugins\org.eclipse.justj.openjdk.hotspot.jre.full.win32.x86_64_21.0.3.v20240426-1530\jre\bin\VCRUNTIME140.dll
0x00007fff16910000 - 0x00007fff16928000 	C:\Users\Omkar\Downloads\eclipse-java-2024-06-R-win32-x86_64\eclipse\plugins\org.eclipse.justj.openjdk.hotspot.jre.full.win32.x86_64_21.0.3.v20240426-1530\jre\bin\jli.dll
0x00007fff25cb0000 - 0x00007fff25e7a000 	C:\WINDOWS\System32\USER32.dll
0x00007fff257c0000 - 0x00007fff257e7000 	C:\WINDOWS\System32\win32u.dll
0x00007fff0a5b0000 - 0x00007fff0a84a000 	C:\WINDOWS\WinSxS\amd64_microsoft.windows.common-controls_6595b64144ccf1df_6.0.26100.4202_none_3e0698d4e335f517\COMCTL32.dll
0x00007fff27260000 - 0x00007fff2728b000 	C:\WINDOWS\System32\GDI32.dll
0x00007fff27810000 - 0x00007fff278b9000 	C:\WINDOWS\System32\msvcrt.dll
0x00007fff25680000 - 0x00007fff257b7000 	C:\WINDOWS\System32\gdi32full.dll
0x00007fff255d0000 - 0x00007fff25673000 	C:\WINDOWS\System32\msvcp_win.dll
0x00007fff264d0000 - 0x00007fff26500000 	C:\WINDOWS\System32\IMM32.DLL
0x000000005d2b0000 - 0x000000005d2bc000 	C:\Program Files (x86)\360\Total Security\safemon\SafeWrapper.dll
0x00007fff26410000 - 0x00007fff264c3000 	C:\WINDOWS\System32\ADVAPI32.dll
0x00007fff272b0000 - 0x00007fff27356000 	C:\WINDOWS\System32\sechost.dll
0x00007fff27a30000 - 0x00007fff27b45000 	C:\WINDOWS\System32\RPCRT4.dll
0x00007ffea22d0000 - 0x00007ffea237c000 	C:\Program Files (x86)\360\Total Security\safemon\libzdtp64.dll
0x00007fff26a80000 - 0x00007fff271c2000 	C:\WINDOWS\System32\SHELL32.dll
0x00007fff25450000 - 0x00007fff255c4000 	C:\WINDOWS\System32\wintypes.dll
0x00007fff265e0000 - 0x00007fff26965000 	C:\WINDOWS\System32\combase.dll
0x00007fff271e0000 - 0x00007fff2724a000 	C:\WINDOWS\System32\SHLWAPI.dll
0x00007fff15df0000 - 0x00007fff15dfb000 	C:\WINDOWS\SYSTEM32\VERSION.dll
0x00007fff14fe0000 - 0x00007fff14fec000 	C:\Users\Omkar\Downloads\eclipse-java-2024-06-R-win32-x86_64\eclipse\plugins\org.eclipse.justj.openjdk.hotspot.jre.full.win32.x86_64_21.0.3.v20240426-1530\jre\bin\vcruntime140_1.dll
0x00007ffef10a0000 - 0x00007ffef112e000 	C:\Users\Omkar\Downloads\eclipse-java-2024-06-R-win32-x86_64\eclipse\plugins\org.eclipse.justj.openjdk.hotspot.jre.full.win32.x86_64_21.0.3.v20240426-1530\jre\bin\msvcp140.dll
0x00007ffe8c6c0000 - 0x00007ffe8d442000 	C:\Users\Omkar\Downloads\eclipse-java-2024-06-R-win32-x86_64\eclipse\plugins\org.eclipse.justj.openjdk.hotspot.jre.full.win32.x86_64_21.0.3.v20240426-1530\jre\bin\server\jvm.dll
0x00007fff27b80000 - 0x00007fff27bf4000 	C:\WINDOWS\System32\WS2_32.dll
0x00007fff24be0000 - 0x00007fff24c3e000 	C:\WINDOWS\SYSTEM32\POWRPROF.dll
0x00007fff1be90000 - 0x00007fff1bec5000 	C:\WINDOWS\SYSTEM32\WINMM.dll
0x00007fff24bc0000 - 0x00007fff24bd4000 	C:\WINDOWS\SYSTEM32\UMPDC.dll
0x00007fff23b50000 - 0x00007fff23b6b000 	C:\WINDOWS\SYSTEM32\kernel.appcore.dll
0x00007fff10790000 - 0x00007fff1079a000 	C:\Users\Omkar\Downloads\eclipse-java-2024-06-R-win32-x86_64\eclipse\plugins\org.eclipse.justj.openjdk.hotspot.jre.full.win32.x86_64_21.0.3.v20240426-1530\jre\bin\jimage.dll
0x00007fff22410000 - 0x00007fff22651000 	C:\WINDOWS\SYSTEM32\DBGHELP.DLL
0x00007fff275c0000 - 0x00007fff276a1000 	C:\WINDOWS\System32\OLEAUT32.dll
0x00007fff0c870000 - 0x00007fff0c8a9000 	C:\WINDOWS\SYSTEM32\dbgcore.DLL
0x00007fff25940000 - 0x00007fff259d9000 	C:\WINDOWS\System32\bcryptPrimitives.dll
0x00007fff0deb0000 - 0x00007fff0decf000 	C:\Users\Omkar\Downloads\eclipse-java-2024-06-R-win32-x86_64\eclipse\plugins\org.eclipse.justj.openjdk.hotspot.jre.full.win32.x86_64_21.0.3.v20240426-1530\jre\bin\java.dll
0x00007fff0ddc0000 - 0x00007fff0ddd8000 	C:\Users\Omkar\Downloads\eclipse-java-2024-06-R-win32-x86_64\eclipse\plugins\org.eclipse.justj.openjdk.hotspot.jre.full.win32.x86_64_21.0.3.v20240426-1530\jre\bin\zip.dll
0x00007fff22a10000 - 0x00007fff23268000 	C:\WINDOWS\SYSTEM32\windows.storage.dll
0x00007fff276b0000 - 0x00007fff277a1000 	C:\WINDOWS\System32\SHCORE.dll
0x00007fff24ca0000 - 0x00007fff24ccf000 	C:\WINDOWS\SYSTEM32\profapi.dll
0x00007fff0ddb0000 - 0x00007fff0ddc0000 	C:\Users\Omkar\Downloads\eclipse-java-2024-06-R-win32-x86_64\eclipse\plugins\org.eclipse.justj.openjdk.hotspot.jre.full.win32.x86_64_21.0.3.v20240426-1530\jre\bin\net.dll
0x00007fff15cc0000 - 0x00007fff15dde000 	C:\WINDOWS\SYSTEM32\WINHTTP.dll
0x00007fff240c0000 - 0x00007fff2412a000 	C:\WINDOWS\system32\mswsock.dll
0x00007ffeffe10000 - 0x00007ffeffe26000 	C:\Users\Omkar\Downloads\eclipse-java-2024-06-R-win32-x86_64\eclipse\plugins\org.eclipse.justj.openjdk.hotspot.jre.full.win32.x86_64_21.0.3.v20240426-1530\jre\bin\nio.dll
0x00007fff23700000 - 0x00007fff23827000 	C:\WINDOWS\SYSTEM32\DNSAPI.dll
0x00007fff23630000 - 0x00007fff23663000 	C:\WINDOWS\SYSTEM32\IPHLPAPI.DLL
0x00007fff259e0000 - 0x00007fff259ea000 	C:\WINDOWS\System32\NSI.dll
0x00007fff168a0000 - 0x00007fff168ab000 	C:\Windows\System32\rasadhlp.dll
0x00007fff17620000 - 0x00007fff176a6000 	C:\WINDOWS\System32\fwpuclnt.dll
0x00007fff15050000 - 0x00007fff15059000 	C:\Users\Omkar\Downloads\eclipse-java-2024-06-R-win32-x86_64\eclipse\plugins\org.eclipse.justj.openjdk.hotspot.jre.full.win32.x86_64_21.0.3.v20240426-1530\jre\bin\extnet.dll
0x00007fff24370000 - 0x00007fff2438b000 	C:\WINDOWS\SYSTEM32\CRYPTSP.dll
0x00007fff23ab0000 - 0x00007fff23aea000 	C:\WINDOWS\system32\rsaenh.dll
0x00007fff24160000 - 0x00007fff2418b000 	C:\WINDOWS\SYSTEM32\USERENV.dll
0x00007fff24c70000 - 0x00007fff24c96000 	C:\WINDOWS\SYSTEM32\bcrypt.dll
0x00007fff24390000 - 0x00007fff2439c000 	C:\WINDOWS\SYSTEM32\CRYPTBASE.dll
0x00007ffeffe00000 - 0x00007ffeffe10000 	C:\Users\Omkar\Downloads\eclipse-java-2024-06-R-win32-x86_64\eclipse\plugins\org.eclipse.justj.openjdk.hotspot.jre.full.win32.x86_64_21.0.3.v20240426-1530\jre\bin\verify.dll
0x00007ffeffdc0000 - 0x00007ffeffdce000 	C:\Users\Omkar\Downloads\eclipse-java-2024-06-R-win32-x86_64\eclipse\plugins\org.eclipse.justj.openjdk.hotspot.jre.full.win32.x86_64_21.0.3.v20240426-1530\jre\bin\sunmscapi.dll
0x00007fff25240000 - 0x00007fff253b7000 	C:\WINDOWS\System32\CRYPT32.dll
0x00007fff24590000 - 0x00007fff245c0000 	C:\WINDOWS\SYSTEM32\ncrypt.dll
0x00007fff24540000 - 0x00007fff2457f000 	C:\WINDOWS\SYSTEM32\NTASN1.dll
0x00007ffe98cb0000 - 0x00007ffe98cb8000 	C:\WINDOWS\system32\wshunix.dll
0x00007fff23c70000 - 0x00007fff23ca6000 	C:\WINDOWS\SYSTEM32\ntmarta.dll
0x00007ffef46c0000 - 0x00007ffef46d8000 	C:\WINDOWS\system32\napinsp.dll
0x00007ffef46a0000 - 0x00007ffef46b2000 	C:\WINDOWS\System32\winrnr.dll
0x00007ffef4660000 - 0x00007ffef4690000 	C:\WINDOWS\system32\nlansp_c.dll
0x00007fff15590000 - 0x00007fff155b0000 	C:\WINDOWS\system32\wshbth.dll

dbghelp: loaded successfully - version: 4.0.5 - missing functions: none
symbol engine: initialized successfully - sym options: 0x614 - pdb path: .;C:\Users\Omkar\Downloads\eclipse-java-2024-06-R-win32-x86_64\eclipse\plugins\org.eclipse.justj.openjdk.hotspot.jre.full.win32.x86_64_21.0.3.v20240426-1530\jre\bin;C:\WINDOWS\SYSTEM32;C:\WINDOWS\WinSxS\amd64_microsoft.windows.common-controls_6595b64144ccf1df_6.0.26100.4202_none_3e0698d4e335f517;C:\Program Files (x86)\360\Total Security\safemon;C:\Users\Omkar\Downloads\eclipse-java-2024-06-R-win32-x86_64\eclipse\plugins\org.eclipse.justj.openjdk.hotspot.jre.full.win32.x86_64_21.0.3.v20240426-1530\jre\bin\server

VM Arguments:
jvm_args: -ea -Dfile.encoding=UTF-8 -Dstdout.encoding=UTF-8 -Dstderr.encoding=UTF-8 -XX:+ShowCodeDetailsInExceptionMessages 
java_command: org.testng.remote.RemoteTestNG -serport 49292 -protocol json -d C:\Users\Omkar\eclipse-workspace\Sanity\test-output C:\Users\Omkar\eclipse-workspace\Sanity\testng.xml
java_class_path (initial): C:\Users\Omkar\Downloads\eclipse-java-2024-06-R-win32-x86_64\eclipse\configuration\org.eclipse.osgi\526\0\.cp\lib\testng-remote.jar;C:\Users\Omkar\eclipse-workspace\Sanity\target\test-classes;C:\Users\Omkar\eclipse-workspace\Sanity\target\classes;C:\Users\Omkar\Downloads\eclipse-java-2024-06-R-win32-x86_64\eclipse\plugins\org.testng_7.4.0.r202105021533.jar;C:\Users\Omkar\Downloads\eclipse-java-2024-06-R-win32-x86_64\eclipse\plugins\com.beust.jcommander_1.78.0.jar;C:\Users\Omkar\Downloads\eclipse-java-2024-06-R-win32-x86_64\eclipse\plugins\org.apache-extras.beanshell.bsh_2.0.0.b6.jar;C:\Users\Omkar\Downloads\eclipse-java-2024-06-R-win32-x86_64\eclipse\plugins\org.yaml.snakeyaml_1.21.0.jar;C:\Users\Omkar\Downloads\eclipse-java-2024-06-R-win32-x86_64\eclipse\plugins\org.webjars.jquery_3.5.1.jar;C:\Users\Omkar\.m2\repository\com\aventstack\extentreports\5.1.1\extentreports-5.1.1.jar;C:\Users\Omkar\.m2\repository\org\seleniumhq\selenium\selenium-java\4.26.0\selenium-java-4.26.0.jar;C:\Users\Omkar\.m2\repository\org\seleniumhq\selenium\selenium-api\4.26.0\selenium-api-4.26.0.jar;C:\Users\Omkar\.m2\repository\org\jspecify\jspecify\1.0.0\jspecify-1.0.0.jar;C:\Users\Omkar\.m2\repository\org\seleniumhq\selenium\selenium-chrome-driver\4.26.0\selenium-chrome-driver-4.26.0.jar;C:\Users\Omkar\.m2\repository\com\google\auto\service\auto-service-annotations\1.1.1\auto-service-annotations-1.1.1.jar;C:\Users\Omkar\.m2\repository\org\seleniumhq\selenium\selenium-chromium-driver\4.26.0\selenium-chromium-driver-4.26.0.jar;C:\Users\Omkar\.m2\repository\org\seleniumhq\selenium\selenium-json\4.26.0\selenium-json-4.26.0.jar;C:\Users\Omkar\.m2\repository\org\seleniumhq\selenium\selenium-manager\4.26.0\selenium-manager-4.26.0.jar;C:\Users\Omkar\.m2\repository\org\seleniumhq\selenium\selenium-devtools-v128\4.26.0\selenium-devtools-v128-4.26.0.jar;C:\Users\Omkar\.m2\repository\org\seleniumhq\selenium\selenium-devtools-v129\4.26.0\selenium-devtools-v129-4.26.0.jar;C:\Users\Omkar\.m2\repository\org\seleniumhq\selenium\selenium-devtools-v130\4.26.0\selenium-devtools-v130-4.26.0.jar;C:\Users\Omkar\.m2\repository\org\seleniumhq\selenium\selenium-devtools-v85\4.26.0\selenium-devtools-v85-4.26.0.jar;C:\Users\Omkar\.m2\repository\org\seleniumhq\selenium\selenium-edge-driver\4.26.0\selenium-edge-driver-4.26.0.jar;C:\Users\Omkar\.m2\repository\org\seleniumhq\selenium\selenium-firefox-driver\4.26.0\selenium-firefox-driver-4.26.0.jar;C:\Users\Omkar\.m2\repository\org\seleniumhq\selenium\selenium-http\4.26.0\selenium-http-4.26.0.jar;C:\Users\Omkar\.m2\repository\dev\failsafe\failsafe\3.3.2\failsafe-3.3.2.jar;C:\Users\Omkar\.m2\repository\org\seleniumhq\selenium\selenium-ie-driver\4.26.0\selenium-ie-driver-4.26.0.jar;C:\Users\Omkar\.m2\repository\org\seleniumhq\selenium\selenium-remote-driver\4.26.0\selenium-remote-driver-4.26.0.jar;C:\Users\Omkar\.m2\repository\com\google\guava\guava\33.3.1-jre\guava-33.3.1-jre.jar;C:\Users\Omkar\.m2\repository\com\google\guava\failureaccess\1.0.2\failureaccess-1.0.2.jar;C:\Users\Omkar\.m2\repository\com\google\guava\listenablefuture\9999.0-empty-to-avoid-conflict-with-guava\listenablefuture-9999.0-empty-to-avoid-conflict-with-guava.jar;C:\Users\Omkar\.m2\repository\com\google\code\findbugs\jsr305\3.0.2\jsr305-3.0.2.jar;C:\Users\Omkar\.m2\repository\org\checkerframework\checker-qual\3.43.0\checker-qual-3.43.0.jar;C:\Users\Omkar\.m2\repository\com\google\j2objc\j2objc-annotations\3.0.0\j2objc-annotations-3.0.0.jar;C:\Users\Omkar\.m2\repository\io\opentelemetry\semconv\opentelemetry-semconv\1.25.0-alpha\opentelemetry-semconv-1.25.0-alpha.jar;C:\Users\Omkar\.m2\repository\io\opentelemetry\opentelemetry-api\1.43.0\opentelemetry-api-1.43.0.jar;C:\Users\Omkar\.m2\repository\io\opentelemetry\opentelemetry-context\1.43.0\opentelemetry-context-1.43.0.jar;C:\Users\Omkar\.m2\repository\io\opentelemetry\opentelemetry-exporter-logging\1.43.0\opentelemetry-exporter-logging-1.43.0.jar;C:\Users\Omkar\.m2\repository\io\opentelemetry\opentelemetry-sdk-common\1.43.0\opentelemetry-sdk-common-1.43.0.jar;C:\Users\Omkar\.m2\repository\io\opentelemetry\opentelemetry-sdk-extension-autoconfigure-spi\1.43.0\opentelemetry-sdk-extension-autoconfigure-spi-1.43.0.jar;C:\Users\Omkar\.m2\repository\io\opentelemetry\opentelemetry-sdk-extension-autoconfigure\1.43.0\opentelemetry-sdk-extension-autoconfigure-1.43.0.jar;C:\Users\Omkar\.m2\repository\io\opentelemetry\opentelemetry-api-incubator\1.43.0-alpha\opentelemetry-api-incubator-1.43.0-alpha.jar;C:\Users\Omkar\.m2\repository\io\opentelemetry\opentelemetry-sdk-trace\1.43.0\opentelemetry-sdk-trace-1.43.0.jar;C:\Users\Omkar\.m2\repository\io\opentelemetry\opentelemetry-sdk\1.43.0\opentelemetry-sdk-1.43.0.jar;C:\Users\Omkar\.m2\repository\io\opentelemetry\opentelemetry-sdk-metrics\1.43.0\opentelemetry-sdk-metrics-1.43.0.jar;C:\Users\Omkar\.m2\repository\io\opentelemetry\opentelemetry-sdk-logs\1.43.0\opentelemetry-sdk-logs-1.43.0.jar;C:\Users\Omkar\.m2\repository\net\bytebuddy\byte-buddy\1.15.7\byte-buddy-1.15.7.jar;C:\Users\Omkar\.m2\repository\org\seleniumhq\selenium\selenium-os\4.26.0\selenium-os-4.26.0.jar;C:\Users\Omkar\.m2\repository\org\apache\commons\commons-exec\1.4.0\commons-exec-1.4.0.jar;C:\Users\Omkar\.m2\repository\org\seleniumhq\selenium\selenium-safari-driver\4.26.0\selenium-safari-driver-4.26.0.jar;C:\Users\Omkar\.m2\repository\org\seleniumhq\selenium\selenium-support\4.26.0\selenium-support-4.26.0.jar;C:\Users\Omkar\.m2\repository\org\testng\testng\7.10.2\testng-7.10.2.jar;C:\Users\Omkar\.m2\repository\org\slf4j\slf4j-api\1.7.36\slf4j-api-1.7.36.jar;C:\Users\Omkar\.m2\repository\com\beust\jcommander\1.82\jcommander-1.82.jar;C:\Users\Omkar\.m2\repository\org\webjars\jquery\3.7.1\jquery-3.7.1.jar;C:\Users\Omkar\.m2\repository\io\github\bonigarcia\webdrivermanager\5.9.2\webdrivermanager-5.9.2.jar;C:\Users\Omkar\.m2\repository\com\google\code\gson\gson\2.11.0\gson-2.11.0.jar;C:\Users\Omkar\.m2\repository\com\google\errorprone\error_prone_annotations\2.27.0\error_prone_annotations-2.27.0.jar;C:\Users\Omkar\.m2\repository\com\github\docker-java\docker-java\3.4.0\docker-java-3.4.0.jar;C:\Users\Omkar\.m2\repository\com\github\docker-java\docker-java-core\3.4.0\docker-java-core-3.4.0.jar;C:\Users\Omkar\.m2\repository\com\github\docker-java\docker-java-api\3.4.0\docker-java-api-3.4.0.jar;C:\Users\Omkar\.m2\repository\com\fasterxml\jackson\core\jackson-annotations\2.10.3\jackson-annotations-2.10.3.jar;C:\Users\Omkar\.m2\repository\com\fasterxml\jackson\core\jackson-databind\2.10.3\jackson-databind-2.10.3.jar;C:\Users\Omkar\.m2\repository\com\fasterxml\jackson\core\jackson-core\2.10.3\jackson-core-2.10.3.jar;C:\Users\Omkar\.m2\repository\org\slf4j\jcl-over-slf4j\1.7.30\jcl-over-slf4j-1.7.30.jar;C:\Users\Omkar\.m2\repository\com\github\docker-java\docker-java-transport-httpclient5\3.4.0\docker-java-transport-httpclient5-3.4.0.jar;C:\Users\Omkar\.m2\repository\com\github\docker-java\docker-java-transport\3.4.0\docker-java-transport-3.4.0.jar;C:\Users\Omkar\.m2\repository\net\java\dev\jna\jna\5.13.0\jna-5.13.0.jar;C:\Users\Omkar\.m2\repository\org\brotli\dec\0.1.2\dec-0.1.2.jar;C:\Users\Omkar\.m2\repository\org\apache\commons\commons-lang3\3.15.0\commons-lang3-3.15.0.jar;C:\Users\Omkar\.m2\repository\org\apache\commons\commons-compress\1.26.2\commons-compress-1.26.2.jar;C:\Users\Omkar\.m2\repository\commons-codec\commons-codec\1.17.0\commons-codec-1.17.0.jar;C:\Users\Omkar\.m2\repository\commons-io\commons-io\2.16.1\commons-io-2.16.1.jar;C:\Users\Omkar\.m2\repository\org\apache\httpcomponents\client5\httpclient5\5.2.1\httpclient5-5.2.1.jar;C:\Users\Omkar\.m2\repository\org\apache\httpcomponents\core5\httpcore5\5.2\httpcore5-5.2.jar;C:\Users\Omkar\.m2\repository\org\apache\httpcomponents\core5\httpcore5-h2\5.2\httpcore5-h2-5.2.jar;C:\Users\Omkar\.m2\repository\com\aventstack\extentreports\5.0.9\extentreports-5.0.9.jar;C:\Users\Omkar\.m2\repository\org\freemarker\freemarker\2.3.30\freemarker-2.3.30.jar;C:\Users\Omkar\.m2\repository\org\projectlombok\lombok\1.18.12\lombok-1.18.12.jar;C:\Users\Omkar\.m2\repository\io\reactivex\rxjava3\rxjava\3.0.4\rxjava-3.0.4.jar;C:\Users\Omkar\.m2\repository\org\reactivestreams\reactive-streams\1.0.3\reactive-streams-1.0.3.jar
Launcher Type: SUN_STANDARD

[Global flags]
     intx CICompilerCount                          = 4                                         {product} {ergonomic}
     uint ConcGCThreads                            = 2                                         {product} {ergonomic}
     uint G1ConcRefinementThreads                  = 8                                         {product} {ergonomic}
   size_t G1HeapRegionSize                         = 2097152                                   {product} {ergonomic}
    uintx GCDrainStackTargetSize                   = 64                                        {product} {ergonomic}
   size_t InitialHeapSize                          = 264241152                                 {product} {ergonomic}
   size_t MarkStackSize                            = 4194304                                   {product} {ergonomic}
   size_t MaxHeapSize                              = 4225761280                                {product} {ergonomic}
   size_t MaxNewSize                               = 2535456768                                {product} {ergonomic}
   size_t MinHeapDeltaBytes                        = 2097152                                   {product} {ergonomic}
   size_t MinHeapSize                              = 8388608                                   {product} {ergonomic}
    uintx NonNMethodCodeHeapSize                   = 5839372                                {pd product} {ergonomic}
    uintx NonProfiledCodeHeapSize                  = 122909434                              {pd product} {ergonomic}
    uintx ProfiledCodeHeapSize                     = 122909434                              {pd product} {ergonomic}
    uintx ReservedCodeCacheSize                    = 251658240                              {pd product} {ergonomic}
     bool SegmentedCodeCache                       = true                                      {product} {ergonomic}
     bool ShowCodeDetailsInExceptionMessages       = true                                   {manageable} {command line}
   size_t SoftMaxHeapSize                          = 4225761280                             {manageable} {ergonomic}
     bool UseCompressedOops                        = true                           {product lp64_product} {ergonomic}
     bool UseG1GC                                  = true                                      {product} {ergonomic}
     bool UseLargePagesIndividualAllocation        = false                                  {pd product} {ergonomic}

Logging:
Log output configuration:
 #0: stdout all=warning uptime,level,tags foldmultilines=false
 #1: stderr all=off uptime,level,tags foldmultilines=false

Environment Variables:
JAVA_HOME=C:\Program Files\Java\jdk-21
PATH=C:/Users/Omkar/Downloads/eclipse-java-2024-06-R-win32-x86_64/eclipse//plugins/org.eclipse.justj.openjdk.hotspot.jre.full.win32.x86_64_21.0.3.v20240426-1530/jre/bin/server;C:/Users/Omkar/Downloads/eclipse-java-2024-06-R-win32-x86_64/eclipse//plugins/org.eclipse.justj.openjdk.hotspot.jre.full.win32.x86_64_21.0.3.v20240426-1530/jre/bin;C:\Program Files\Common Files\Oracle\Java\javapath;C:\WINDOWS\system32;C:\WINDOWS;C:\WINDOWS\System32\Wbem;C:\WINDOWS\System32\WindowsPowerShell\v1.0\;C:\WINDOWS\System32\OpenSSH\;C:\Android;C:\Windows\System32;C:\Program Files\Java\jdk-21\bin;C:\Users\Omkar\AppData\Local\Microsoft\WindowsApps;C:\WINDOWS\system32;
USERNAME=Omkar
OS=Windows_NT
PROCESSOR_IDENTIFIER=Intel64 Family 6 Model 140 Stepping 1, GenuineIntel
TMP=C:\Users\Omkar\AppData\Local\Temp
TEMP=C:\Users\Omkar\AppData\Local\Temp




Periodic native trim disabled

---------------  S Y S T E M  ---------------

OS:
 Windows 11 , 64 bit Build 26100 (10.0.26100.4202)
OS uptime: 9 days 3:10 hours

CPU: total 8 (initial active 8) (4 cores per cpu, 2 threads per core) family 6 model 140 stepping 1 microcode 0xb8, cx8, cmov, fxsr, ht, mmx, 3dnowpref, sse, sse2, sse3, ssse3, sse4.1, sse4.2, popcnt, lzcnt, tsc, tscinvbit, avx, avx2, aes, erms, clmul, bmi1, bmi2, adx, avx512f, avx512dq, avx512cd, avx512bw, avx512vl, sha, fma, vzeroupper, avx512_vpopcntdq, avx512_vpclmulqdq, avx512_vaes, avx512_vnni, clflush, clflushopt, clwb, avx512_vbmi2, avx512_vbmi, rdtscp, rdpid, fsrm, gfni, avx512_bitalg, f16c, pku, cet_ibt, cet_ss, avx512_ifma
Processor Information for processor 0
  Max Mhz: 1382, Current Mhz: 1184, Mhz Limit: 1382
Processor Information for processor 1
  Max Mhz: 1382, Current Mhz: 1382, Mhz Limit: 1382
Processor Information for processor 2
  Max Mhz: 1382, Current Mhz: 1382, Mhz Limit: 1382
Processor Information for processor 3
  Max Mhz: 1382, Current Mhz: 1382, Mhz Limit: 1382
Processor Information for processor 4
  Max Mhz: 1382, Current Mhz: 1184, Mhz Limit: 1382
Processor Information for processor 5
  Max Mhz: 1382, Current Mhz: 1382, Mhz Limit: 1382
Processor Information for processor 6
  Max Mhz: 1382, Current Mhz: 1184, Mhz Limit: 1382
Processor Information for processor 7
  Max Mhz: 1382, Current Mhz: 1382, Mhz Limit: 1382

Memory: 4k page, system-wide physical 16118M (1147M free)
TotalPageFile size 38524M (AvailPageFile size 36M)
current process WorkingSet (physical memory assigned to process): 192M, peak: 195M
current process commit charge ("private bytes"): 219M, peak: 364M

vm_info: OpenJDK 64-Bit Server VM (21.0.3+9-LTS) for windows-amd64 JRE (21.0.3+9-LTS), built on 2024-04-16T00:00:00Z by "admin" with MS VC++ 17.7 (VS2022)

END.
